<?xml version="1.0" encoding="UTF-8"?>
<testsuites name="Login_Genaral" time="70.389" tests="2" failures="0" errors="0">
   <testsuite name="Login_Genaral" tests="2" failures="0" errors="0" time="70.389" skipped="0" timestamp="2026-01-25T16:22:40.180Z" hostname="KRISHNA - krishna" id="Test Suites/Login_Genaral">
      <properties>
         <property name="deviceName" value=""/>
         <property name="devicePlatform"/>
         <property name="logFolder" value="C:\\Users\\KRISHNA\\git\\ProhanceWebApplication\\Reports\\20260125_215236\\Login_Genaral\\20260125_215236"/>
         <property name="logFiles" value="C:\\Users\\KRISHNA\\git\\ProhanceWebApplication\\Reports\\20260125_215236\\Login_Genaral\\20260125_215236\\console0.log, C:\\Users\\KRISHNA\\git\\ProhanceWebApplication\\Reports\\20260125_215236\\Login_Genaral\\20260125_215236\\execution0.log"/>
         <property name="attachments" value="C:\\Users\\KRISHNA\\git\\ProhanceWebApplication\\Reports\\20260125_215236\\Login_Genaral\\20260125_215236\\1769358171261.png, C:\\Users\\KRISHNA\\git\\ProhanceWebApplication\\Reports\\20260125_215236\\Login_Genaral\\20260125_215236\\1769358171448.png"/>
         <property name="hostName" value="KRISHNA - krishna"/>
         <property name="os" value="Windows 11 64bit"/>
         <property name="katalonVersion" value="10.4.3.0"/>
         <property name="browser" value="Chrome 144.0.7559.97"/>
         <property name="userFullName" value="Gopal"/>
         <property name="hostAddress" value="192.168.0.9"/>
         <property name="sessionId" value="c5be1c91723adc743ded06e649298e39"/>
         <property name="projectName" value="ProhanceWebApplication"/>
         <property name="seleniumVersion" value="4.34.0"/>
         <property name="proxyInformation" value="ProxyInformation { proxyOption=NO_PROXY, proxyServerType=HTTP, username=, password=********, proxyServerAddress=, proxyServerPort=0, executionList=&quot;&quot;, isApplyToDesiredCapabilities=true }"/>
         <property name="platform" value="Windows 11"/>
      </properties>
      <testcase name="Test Cases/ProhanceWeb/Login_Page/Login" time="10.906" classname="Test Cases/ProhanceWeb/Login_Page/Login" status="PASSED">
         <properties>
            <property name="data_binding"><![CDATA[{"password":"tsL9urF6O/APwsPS+50KRA\u003d\u003d","userName":"tsL9urF6O/D/xURRxzj/8w\u003d\u003d"}]]></property>
         </properties>
         <system-out><![CDATA[25-01-2026T21:52:40 - [TEST_CASE][PASSED] - Test Cases/ProhanceWeb/Login_Page/Login: Test Cases/ProhanceWeb/Login_Page/Login

25-01-2026T21:52:41 - [TEST_STEP][PASSED] - openBrowser(""): Browser is opened with url: ''

25-01-2026T21:52:41 - [MESSAGE][INFO] - Starting 'Chrome' driver

25-01-2026T21:52:41 - [MESSAGE][INFO] - Action delay is set to 0 milliseconds

25-01-2026T21:52:45 - [MESSAGE][PASSED] - Browser is opened with url: ''

25-01-2026T21:52:45 - [TEST_STEP][PASSED] - maximizeWindow(): Current window maximized

25-01-2026T21:52:46 - [MESSAGE][PASSED] - Current window maximized

25-01-2026T21:52:46 - [TEST_STEP][PASSED] - waitForPageLoad(Delay, CONTINUE_ON_FAILURE): Wait for page load successfully

25-01-2026T21:52:46 - [MESSAGE][PASSED] - Wait for page load successfully

25-01-2026T21:52:46 - [TEST_STEP][PASSED] - navigateToUrl(URL): Navigate to 'https://enhance.prohance.io/prohance' successfully

25-01-2026T21:52:47 - [MESSAGE][PASSED] - Navigate to 'https://enhance.prohance.io/prohance' successfully

25-01-2026T21:52:47 - [TEST_STEP][FAILED] - try: Unable to verify object 'Object Repository/LoginOR/session_Distroysession' is present (Root cause: com.kms.katalon.core.exception.StepFailedException: Unable to verify object 'Object Repository/LoginOR/session_Distroysession' is present
	at com.kms.katalon.core.webui.keyword.internal.WebUIKeywordMain.stepFailed(WebUIKeywordMain.groovy:177)
	at com.kms.katalon.core.webui.keyword.internal.WebUIKeywordMain.runKeyword(WebUIKeywordMain.groovy:49)
	at com.kms.katalon.core.webui.keyword.builtin.VerifyElementPresentKeyword.verifyElementPresent(VerifyElementPresentKeyword.groovy:95)
	at com.kms.katalon.core.webui.keyword.builtin.VerifyElementPresentKeyword.execute(VerifyElementPresentKeyword.groovy:68)
	at com.kms.katalon.core.keyword.internal.KeywordExecutor.executeKeywordForPlatform(KeywordExecutor.groovy:90)
	at com.kms.katalon.core.webui.keyword.WebUiBuiltInKeywords.verifyElementPresent(WebUiBuiltInKeywords.groovy:1565)
	at Login.run(Login:40)
	at com.kms.katalon.core.main.ScriptEngine.run(ScriptEngine.java:194)
	at com.kms.katalon.core.main.ScriptEngine.runScriptAsRawText(ScriptEngine.java:119)
	at com.kms.katalon.core.main.TestCaseExecutor.runScript(TestCaseExecutor.java:490)
	at com.kms.katalon.core.main.TestCaseExecutor.doExecute(TestCaseExecutor.java:481)
	at com.kms.katalon.core.main.TestCaseExecutor.processExecutionPhase(TestCaseExecutor.java:460)
	at com.kms.katalon.core.main.TestCaseExecutor.accessMainPhase(TestCaseExecutor.java:452)
	at com.kms.katalon.core.main.TestCaseExecutor.execute(TestCaseExecutor.java:322)
	at com.kms.katalon.core.common.CommonExecutor.accessTestCaseMainPhase(CommonExecutor.java:71)
	at com.kms.katalon.core.main.TestSuiteExecutor.accessTestSuiteMainPhase(TestSuiteExecutor.java:153)
	at com.kms.katalon.core.main.TestSuiteExecutor.execute(TestSuiteExecutor.java:110)
	at com.kms.katalon.core.main.TestCaseMain.startTestSuite(TestCaseMain.java:205)
	at TempTestSuite1769358156013.run(TempTestSuite1769358156013.groovy:35)
	at java.base/jdk.internal.reflect.NativeMethodAccessorImpl.invoke0(Native Method)
	at java.base/jdk.internal.reflect.NativeMethodAccessorImpl.invoke(NativeMethodAccessorImpl.java:77)
	at java.base/jdk.internal.reflect.DelegatingMethodAccessorImpl.invoke(DelegatingMethodAccessorImpl.java:43)
Caused by: com.kms.katalon.core.exception.StepFailedException: com.kms.katalon.core.webui.exception.WebElementNotFoundException: Web element with id: 'Object Repository/LoginOR/session_Distroysession' located by 'By.xpath: //input[@id='distroysession']' not found
	at com.kms.katalon.core.webui.keyword.internal.WebUIKeywordMain.stepFailed(WebUIKeywordMain.groovy:177)
	at com.kms.katalon.core.webui.keyword.builtin.VerifyElementPresentKeyword$_verifyElementPresent_closure1.doCall(VerifyElementPresentKeyword.groovy:88)
	at com.kms.katalon.core.webui.keyword.builtin.VerifyElementPresentKeyword$_verifyElementPresent_closure1.call(VerifyElementPresentKeyword.groovy)
	at com.kms.katalon.core.webui.keyword.internal.WebUIKeywordMain.runKeyword(WebUIKeywordMain.groovy:41)
	... 20 more
)

25-01-2026T21:52:47 - [TEST_STEP][PASSED] - setEncryptedText(findTestObject("Object Repository/LoginOR/userName"), userName): Text ****** has been set on object 'Object Repository/LoginOR/userName'

25-01-2026T21:52:47 - [MESSAGE][PASSED] - Text ****** has been set on object 'Object Repository/LoginOR/userName'

25-01-2026T21:52:47 - [TEST_STEP][PASSED] - setEncryptedText(findTestObject("Object Repository/LoginOR/Password"), password): Text ****** has been set on object 'Object Repository/LoginOR/Password'

25-01-2026T21:52:48 - [MESSAGE][PASSED] - Text ****** has been set on object 'Object Repository/LoginOR/Password'

25-01-2026T21:52:48 - [TEST_STEP][PASSED] - waitForElementClickable(findTestObject("Object Repository/LoginOR/login_btn"), Delay): Object 'Object Repository/LoginOR/login_btn' is clickable

25-01-2026T21:52:48 - [MESSAGE][PASSED] - Object 'Object Repository/LoginOR/login_btn' is clickable

25-01-2026T21:52:48 - [TEST_STEP][PASSED] - click(findTestObject("Object Repository/LoginOR/login_btn")): Object: 'Object Repository/LoginOR/login_btn' is clicked on

25-01-2026T21:52:49 - [MESSAGE][PASSED] - Object: 'Object Repository/LoginOR/login_btn' is clicked on

25-01-2026T21:52:49 - [TEST_STEP][FAILED] - if (verifyElementPresent(findTestObject("Object Repository/LoginOR/session_Distroysession"), 2)): Unable to verify object 'Object Repository/LoginOR/session_Distroysession' is present (Root cause: com.kms.katalon.core.exception.StepFailedException: Unable to verify object 'Object Repository/LoginOR/session_Distroysession' is present
	at com.kms.katalon.core.webui.keyword.internal.WebUIKeywordMain.stepFailed(WebUIKeywordMain.groovy:177)
	at com.kms.katalon.core.webui.keyword.internal.WebUIKeywordMain.runKeyword(WebUIKeywordMain.groovy:49)
	at com.kms.katalon.core.webui.keyword.builtin.VerifyElementPresentKeyword.verifyElementPresent(VerifyElementPresentKeyword.groovy:95)
	at com.kms.katalon.core.webui.keyword.builtin.VerifyElementPresentKeyword.execute(VerifyElementPresentKeyword.groovy:68)
	at com.kms.katalon.core.keyword.internal.KeywordExecutor.executeKeywordForPlatform(KeywordExecutor.groovy:90)
	at com.kms.katalon.core.webui.keyword.WebUiBuiltInKeywords.verifyElementPresent(WebUiBuiltInKeywords.groovy:1565)
	at Login.run(Login:40)
	at com.kms.katalon.core.main.ScriptEngine.run(ScriptEngine.java:194)
	at com.kms.katalon.core.main.ScriptEngine.runScriptAsRawText(ScriptEngine.java:119)
	at com.kms.katalon.core.main.TestCaseExecutor.runScript(TestCaseExecutor.java:490)
	at com.kms.katalon.core.main.TestCaseExecutor.doExecute(TestCaseExecutor.java:481)
	at com.kms.katalon.core.main.TestCaseExecutor.processExecutionPhase(TestCaseExecutor.java:460)
	at com.kms.katalon.core.main.TestCaseExecutor.accessMainPhase(TestCaseExecutor.java:452)
	at com.kms.katalon.core.main.TestCaseExecutor.execute(TestCaseExecutor.java:322)
	at com.kms.katalon.core.common.CommonExecutor.accessTestCaseMainPhase(CommonExecutor.java:71)
	at com.kms.katalon.core.main.TestSuiteExecutor.accessTestSuiteMainPhase(TestSuiteExecutor.java:153)
	at com.kms.katalon.core.main.TestSuiteExecutor.execute(TestSuiteExecutor.java:110)
	at com.kms.katalon.core.main.TestCaseMain.startTestSuite(TestCaseMain.java:205)
	at TempTestSuite1769358156013.run(TempTestSuite1769358156013.groovy:35)
	at java.base/jdk.internal.reflect.NativeMethodAccessorImpl.invoke0(Native Method)
	at java.base/jdk.internal.reflect.NativeMethodAccessorImpl.invoke(NativeMethodAccessorImpl.java:77)
	at java.base/jdk.internal.reflect.DelegatingMethodAccessorImpl.invoke(DelegatingMethodAccessorImpl.java:43)
Caused by: com.kms.katalon.core.exception.StepFailedException: com.kms.katalon.core.webui.exception.WebElementNotFoundException: Web element with id: 'Object Repository/LoginOR/session_Distroysession' located by 'By.xpath: //input[@id='distroysession']' not found
	at com.kms.katalon.core.webui.keyword.internal.WebUIKeywordMain.stepFailed(WebUIKeywordMain.groovy:177)
	at com.kms.katalon.core.webui.keyword.builtin.VerifyElementPresentKeyword$_verifyElementPresent_closure1.doCall(VerifyElementPresentKeyword.groovy:88)
	at com.kms.katalon.core.webui.keyword.builtin.VerifyElementPresentKeyword$_verifyElementPresent_closure1.call(VerifyElementPresentKeyword.groovy)
	at com.kms.katalon.core.webui.keyword.internal.WebUIKeywordMain.runKeyword(WebUIKeywordMain.groovy:41)
	... 20 more
)

25-01-2026T21:52:51 - [MESSAGE][FAILED] - com.kms.katalon.core.webui.exception.WebElementNotFoundException: Web element with id: 'Object Repository/LoginOR/session_Distroysession' located by 'By.xpath: //input[@id='distroysession']' not found (Root cause: com.kms.katalon.core.exception.StepFailedException: com.kms.katalon.core.webui.exception.WebElementNotFoundException: Web element with id: 'Object Repository/LoginOR/session_Distroysession' located by 'By.xpath: //input[@id='distroysession']' not found
	at com.kms.katalon.core.webui.keyword.internal.WebUIKeywordMain.stepFailed(WebUIKeywordMain.groovy:177)
	at com.kms.katalon.core.webui.keyword.builtin.VerifyElementPresentKeyword$_verifyElementPresent_closure1.doCall(VerifyElementPresentKeyword.groovy:88)
	at com.kms.katalon.core.webui.keyword.builtin.VerifyElementPresentKeyword$_verifyElementPresent_closure1.call(VerifyElementPresentKeyword.groovy)
	at com.kms.katalon.core.webui.keyword.internal.WebUIKeywordMain.runKeyword(WebUIKeywordMain.groovy:41)
	at com.kms.katalon.core.webui.keyword.builtin.VerifyElementPresentKeyword.verifyElementPresent(VerifyElementPresentKeyword.groovy:95)
	at com.kms.katalon.core.webui.keyword.builtin.VerifyElementPresentKeyword.execute(VerifyElementPresentKeyword.groovy:68)
	at com.kms.katalon.core.keyword.internal.KeywordExecutor.executeKeywordForPlatform(KeywordExecutor.groovy:90)
	at com.kms.katalon.core.webui.keyword.WebUiBuiltInKeywords.verifyElementPresent(WebUiBuiltInKeywords.groovy:1565)
	at Login.run(Login:40)
	at com.kms.katalon.core.main.ScriptEngine.run(ScriptEngine.java:194)
	at com.kms.katalon.core.main.ScriptEngine.runScriptAsRawText(ScriptEngine.java:119)
	at com.kms.katalon.core.main.TestCaseExecutor.runScript(TestCaseExecutor.java:490)
	at com.kms.katalon.core.main.TestCaseExecutor.doExecute(TestCaseExecutor.java:481)
	at com.kms.katalon.core.main.TestCaseExecutor.processExecutionPhase(TestCaseExecutor.java:460)
	at com.kms.katalon.core.main.TestCaseExecutor.accessMainPhase(TestCaseExecutor.java:452)
	at com.kms.katalon.core.main.TestCaseExecutor.execute(TestCaseExecutor.java:322)
	at com.kms.katalon.core.common.CommonExecutor.accessTestCaseMainPhase(CommonExecutor.java:71)
	at com.kms.katalon.core.main.TestSuiteExecutor.accessTestSuiteMainPhase(TestSuiteExecutor.java:153)
	at com.kms.katalon.core.main.TestSuiteExecutor.execute(TestSuiteExecutor.java:110)
	at com.kms.katalon.core.main.TestCaseMain.startTestSuite(TestCaseMain.java:205)
	at TempTestSuite1769358156013.run(TempTestSuite1769358156013.groovy:35)
	at java.base/jdk.internal.reflect.NativeMethodAccessorImpl.invoke0(Native Method)
	at java.base/jdk.internal.reflect.NativeMethodAccessorImpl.invoke(NativeMethodAccessorImpl.java:77)
	at java.base/jdk.internal.reflect.DelegatingMethodAccessorImpl.invoke(DelegatingMethodAccessorImpl.java:43)
)
[[ATTACHMENT|C:\\Users\\KRISHNA\\git\\ProhanceWebApplication\\Reports\\20260125_215236\\Login_Genaral\\20260125_215236\\1769358171261.png]]

25-01-2026T21:52:51 - [MESSAGE][FAILED] - Unable to verify object 'Object Repository/LoginOR/session_Distroysession' is present (Root cause: com.kms.katalon.core.exception.StepFailedException: Unable to verify object 'Object Repository/LoginOR/session_Distroysession' is present
	at com.kms.katalon.core.webui.keyword.internal.WebUIKeywordMain.stepFailed(WebUIKeywordMain.groovy:177)
	at com.kms.katalon.core.webui.keyword.internal.WebUIKeywordMain.runKeyword(WebUIKeywordMain.groovy:49)
	at com.kms.katalon.core.webui.keyword.builtin.VerifyElementPresentKeyword.verifyElementPresent(VerifyElementPresentKeyword.groovy:95)
	at com.kms.katalon.core.webui.keyword.builtin.VerifyElementPresentKeyword.execute(VerifyElementPresentKeyword.groovy:68)
	at com.kms.katalon.core.keyword.internal.KeywordExecutor.executeKeywordForPlatform(KeywordExecutor.groovy:90)
	at com.kms.katalon.core.webui.keyword.WebUiBuiltInKeywords.verifyElementPresent(WebUiBuiltInKeywords.groovy:1565)
	at Login.run(Login:40)
	at com.kms.katalon.core.main.ScriptEngine.run(ScriptEngine.java:194)
	at com.kms.katalon.core.main.ScriptEngine.runScriptAsRawText(ScriptEngine.java:119)
	at com.kms.katalon.core.main.TestCaseExecutor.runScript(TestCaseExecutor.java:490)
	at com.kms.katalon.core.main.TestCaseExecutor.doExecute(TestCaseExecutor.java:481)
	at com.kms.katalon.core.main.TestCaseExecutor.processExecutionPhase(TestCaseExecutor.java:460)
	at com.kms.katalon.core.main.TestCaseExecutor.accessMainPhase(TestCaseExecutor.java:452)
	at com.kms.katalon.core.main.TestCaseExecutor.execute(TestCaseExecutor.java:322)
	at com.kms.katalon.core.common.CommonExecutor.accessTestCaseMainPhase(CommonExecutor.java:71)
	at com.kms.katalon.core.main.TestSuiteExecutor.accessTestSuiteMainPhase(TestSuiteExecutor.java:153)
	at com.kms.katalon.core.main.TestSuiteExecutor.execute(TestSuiteExecutor.java:110)
	at com.kms.katalon.core.main.TestCaseMain.startTestSuite(TestCaseMain.java:205)
	at TempTestSuite1769358156013.run(TempTestSuite1769358156013.groovy:35)
	at java.base/jdk.internal.reflect.NativeMethodAccessorImpl.invoke0(Native Method)
	at java.base/jdk.internal.reflect.NativeMethodAccessorImpl.invoke(NativeMethodAccessorImpl.java:77)
	at java.base/jdk.internal.reflect.DelegatingMethodAccessorImpl.invoke(DelegatingMethodAccessorImpl.java:43)
Caused by: com.kms.katalon.core.exception.StepFailedException: com.kms.katalon.core.webui.exception.WebElementNotFoundException: Web element with id: 'Object Repository/LoginOR/session_Distroysession' located by 'By.xpath: //input[@id='distroysession']' not found
	at com.kms.katalon.core.webui.keyword.internal.WebUIKeywordMain.stepFailed(WebUIKeywordMain.groovy:177)
	at com.kms.katalon.core.webui.keyword.builtin.VerifyElementPresentKeyword$_verifyElementPresent_closure1.doCall(VerifyElementPresentKeyword.groovy:88)
	at com.kms.katalon.core.webui.keyword.builtin.VerifyElementPresentKeyword$_verifyElementPresent_closure1.call(VerifyElementPresentKeyword.groovy)
	at com.kms.katalon.core.webui.keyword.internal.WebUIKeywordMain.runKeyword(WebUIKeywordMain.groovy:41)
	... 20 more
)
[[ATTACHMENT|C:\\Users\\KRISHNA\\git\\ProhanceWebApplication\\Reports\\20260125_215236\\Login_Genaral\\20260125_215236\\1769358171448.png]]

25-01-2026T21:52:51 - [TEST_STEP][PASSED] - catch (Exception e): null

25-01-2026T21:52:51 - [TEST_STEP][PASSED] - out.println(e.getMessage()): null

25-01-2026T21:52:51 - [TEST_STEP][PASSED] - timestamp = Date().format("yyyyMMdd_HHmmss"): null

25-01-2026T21:52:51 - [TEST_STEP][PASSED] - Finally: null

25-01-2026T21:52:51 - [TEST_STEP][PASSED] - timestamp = Date().format("yyyyMMdd_HHmmss"): null]]></system-out>
         <system-err><![CDATA[]]></system-err>
      </testcase>
      <testcase name="Test Cases/ProhanceWeb/Organization Settings/Activity DashBoard/ActivityDashBoard" time="58.87" classname="Test Cases/ProhanceWeb/Organization Settings/Activity DashBoard/ActivityDashBoard" status="PASSED">
         <properties>
            <property name="data_binding"><![CDATA[{"exportType":"Pdf"}]]></property>
         </properties>
         <system-out><![CDATA[25-01-2026T21:52:51 - [TEST_CASE][PASSED] - Test Cases/ProhanceWeb/Organization Settings/Activity DashBoard/ActivityDashBoard: Test Cases/ProhanceWeb/Organization Settings/Activity DashBoard/ActivityDashBoard

25-01-2026T21:52:51 - [TEST_STEP][PASSED] - explort = null: null

25-01-2026T21:52:51 - [TEST_STEP][PASSED] - if (verifyElementPresent(findTestObject("Object Repository/Organization Settings/New Folder/Page_ProHance/a_WORK TIME"), Delay)): null

25-01-2026T21:52:52 - [MESSAGE][PASSED] - Object 'Object Repository/Organization Settings/New Folder/Page_ProHance/a_WORK TIME' is present

25-01-2026T21:52:52 - [TEST_STEP][WARNING] - waitForElementClickable(findTestObject("Object Repository/Organization Settings/New Folder/Page_ProHance/a_WORK TIME"), Delay): script timeout
  (Session info: chrome=144.0.7559.97)
Build info: version: '4.34.0', revision: '707dcb4246*'
System info: os.name: 'Windows 11', os.arch: 'amd64', os.version: '10.0', java.version: '17.0.14'
Driver info: com.kms.katalon.selenium.driver.CChromeDriver
Command: [c5be1c91723adc743ded06e649298e39, executeAsyncScript {script=async function waitWithDOMMutation(validator, timeout) {
    return new Promise((resolve, reject) => {
        try {
            if (timeout <= 0) {
                resolve(false);
                return;
            }

            if (validator()) {
                resolve(true);
                return;
            }

            const observer = new MutationObserver((mutations) => {
                if (validator()) {
                    observer.disconnect();
                    resolve(true);
                }
            });

            observer.observe(document.body, { childList: true, attributes: true, subtree: true });

            setTimeout(() => {
                resolve(false);
                observer.disconnect();
            }, timeout);
        } catch (error) {
            reject(error);
        }
    });
}
const notifyWaitingResult = arguments[arguments.length - 1];
const element = arguments[0];
const timeout = arguments[1];

const ElementWaitingInteractableState = {
    DONE: 'DONE',
    ELEMENT_DETACHED: 'ELEMENT_DETACHED',
    TIMED_OUT: 'TIMED_OUT',
    ERROR: 'ERROR',
};

function notifyWaitingError(error) {
    notifyWaitingResult({ result: ElementWaitingInteractableState.ERROR, error: error.message });
}


// Wait for detached
waitWithDOMMutation(() => {
    if (!element || !element.isConnected) {
        return true;
    }
    return false;
}, timeout).then((isDetached) => {
    notifyWaitingResult({ result: isDetached
        ? ElementWaitingInteractableState.ELEMENT_DETACHED
        : ElementWaitingInteractableState.TIMED_OUT });
}).catch(notifyWaitingError);
const positions = [
    {
        block: 'start',
        inline: 'start'
    },
    {
        block: 'center',
        inline: 'center'
    },
    {
        block: 'end',
        inline: 'end'
    },
    {
        block: 'start',
        inline: 'center'
    },
    {
        block: 'start',
        inline: 'end'
    },
    {
        block: 'center',
        inline: 'start'
    },
    {
        block: 'center',
        inline: 'end'
    },
    {
        block: 'end',
        inline: 'start'
    },
    {
        block: 'end',
        inline: 'center'
    }
];
function isShadowRoot(element) {
    return element.shadowRoot != null;
}

function checkTopMost(element) {
    var { left, top, width, height } = element.getBoundingClientRect();
    var centerX = width / 2 + left;
    var centerY = height / 2 + top;
    var scopedDocument = element.getRootNode();
    var elementAtPoint = scopedDocument.elementFromPoint(centerX, centerY);
    var isTopMost = element === elementAtPoint || element.contains(elementAtPoint);
    return isTopMost;
}

function checkAllTopMostPositions(element) {
    if (checkTopMost(element)) {
        return true;
    }
    return positions.some(position => {
        element.scrollIntoView({
            behavior: 'instant',
            block: position.block,
            inline: position.inline
        });
        return checkTopMost(element);
    });
}

waitWithDOMMutation(() => checkAllTopMostPositions(element), timeout).then((waited) => {
    notifyWaitingResult({ result: waited
        ? ElementWaitingInteractableState.DONE
        : ElementWaitingInteractableState.TIMED_OUT });
}).catch(notifyWaitingError);
, args=[{element-6066-11e4-a52e-4f735466cecf=f.CAB072AE697D96A311A7694C4207AE43.d.0D6D0B8F5529AC422F1E024FDF441A22.e.44}, 39702]}]
Capabilities {acceptInsecureCerts: false, browserName: chrome, browserVersion: 144.0.7559.97, chrome: {chromedriverVersion: 144.0.7559.31 (18537d992890..., userDataDir: C:\Users\KRISHNA\AppData\Lo...}, fedcm:accounts: true, goog:chromeOptions: {debuggerAddress: localhost:51464}, goog:processID: 8708, networkConnectionEnabled: false, pageLoadStrategy: normal, platformName: windows, proxy: Proxy(), se:cdp: ws://localhost:51464/devtoo..., se:cdpVersion: 144.0.7559.97, setWindowRect: true, strictFileInteractability: false, timeouts: {implicit: 0, pageLoad: 300000, script: 30000}, unhandledPromptBehavior: {alert: ignore, beforeUnload: ignore, confirm: ignore, default: ignore, file: ignore, prompt: ignore}, webSocketUrl: ws://localhost:43184/sessio..., webauthn:extension:credBlob: true, webauthn:extension:largeBlob: true, webauthn:extension:minPinLength: true, webauthn:extension:prf: true, webauthn:virtualAuthenticators: true}
Session ID: c5be1c91723adc743ded06e649298e39

25-01-2026T21:53:22 - [MESSAGE][WARNING] - script timeout
  (Session info: chrome=144.0.7559.97)
Build info: version: '4.34.0', revision: '707dcb4246*'
System info: os.name: 'Windows 11', os.arch: 'amd64', os.version: '10.0', java.version: '17.0.14'
Driver info: com.kms.katalon.selenium.driver.CChromeDriver
Command: [c5be1c91723adc743ded06e649298e39, executeAsyncScript {script=async function waitWithDOMMutation(validator, timeout) {
    return new Promise((resolve, reject) => {
        try {
            if (timeout <= 0) {
                resolve(false);
                return;
            }

            if (validator()) {
                resolve(true);
                return;
            }

            const observer = new MutationObserver((mutations) => {
                if (validator()) {
                    observer.disconnect();
                    resolve(true);
                }
            });

            observer.observe(document.body, { childList: true, attributes: true, subtree: true });

            setTimeout(() => {
                resolve(false);
                observer.disconnect();
            }, timeout);
        } catch (error) {
            reject(error);
        }
    });
}
const notifyWaitingResult = arguments[arguments.length - 1];
const element = arguments[0];
const timeout = arguments[1];

const ElementWaitingInteractableState = {
    DONE: 'DONE',
    ELEMENT_DETACHED: 'ELEMENT_DETACHED',
    TIMED_OUT: 'TIMED_OUT',
    ERROR: 'ERROR',
};

function notifyWaitingError(error) {
    notifyWaitingResult({ result: ElementWaitingInteractableState.ERROR, error: error.message });
}


// Wait for detached
waitWithDOMMutation(() => {
    if (!element || !element.isConnected) {
        return true;
    }
    return false;
}, timeout).then((isDetached) => {
    notifyWaitingResult({ result: isDetached
        ? ElementWaitingInteractableState.ELEMENT_DETACHED
        : ElementWaitingInteractableState.TIMED_OUT });
}).catch(notifyWaitingError);
const positions = [
    {
        block: 'start',
        inline: 'start'
    },
    {
        block: 'center',
        inline: 'center'
    },
    {
        block: 'end',
        inline: 'end'
    },
    {
        block: 'start',
        inline: 'center'
    },
    {
        block: 'start',
        inline: 'end'
    },
    {
        block: 'center',
        inline: 'start'
    },
    {
        block: 'center',
        inline: 'end'
    },
    {
        block: 'end',
        inline: 'start'
    },
    {
        block: 'end',
        inline: 'center'
    }
];
function isShadowRoot(element) {
    return element.shadowRoot != null;
}

function checkTopMost(element) {
    var { left, top, width, height } = element.getBoundingClientRect();
    var centerX = width / 2 + left;
    var centerY = height / 2 + top;
    var scopedDocument = element.getRootNode();
    var elementAtPoint = scopedDocument.elementFromPoint(centerX, centerY);
    var isTopMost = element === elementAtPoint || element.contains(elementAtPoint);
    return isTopMost;
}

function checkAllTopMostPositions(element) {
    if (checkTopMost(element)) {
        return true;
    }
    return positions.some(position => {
        element.scrollIntoView({
            behavior: 'instant',
            block: position.block,
            inline: position.inline
        });
        return checkTopMost(element);
    });
}

waitWithDOMMutation(() => checkAllTopMostPositions(element), timeout).then((waited) => {
    notifyWaitingResult({ result: waited
        ? ElementWaitingInteractableState.DONE
        : ElementWaitingInteractableState.TIMED_OUT });
}).catch(notifyWaitingError);
, args=[{element-6066-11e4-a52e-4f735466cecf=f.CAB072AE697D96A311A7694C4207AE43.d.0D6D0B8F5529AC422F1E024FDF441A22.e.44}, 39702]}]
Capabilities {acceptInsecureCerts: false, browserName: chrome, browserVersion: 144.0.7559.97, chrome: {chromedriverVersion: 144.0.7559.31 (18537d992890..., userDataDir: C:\Users\KRISHNA\AppData\Lo...}, fedcm:accounts: true, goog:chromeOptions: {debuggerAddress: localhost:51464}, goog:processID: 8708, networkConnectionEnabled: false, pageLoadStrategy: normal, platformName: windows, proxy: Proxy(), se:cdp: ws://localhost:51464/devtoo..., se:cdpVersion: 144.0.7559.97, setWindowRect: true, strictFileInteractability: false, timeouts: {implicit: 0, pageLoad: 300000, script: 30000}, unhandledPromptBehavior: {alert: ignore, beforeUnload: ignore, confirm: ignore, default: ignore, file: ignore, prompt: ignore}, webSocketUrl: ws://localhost:43184/sessio..., webauthn:extension:credBlob: true, webauthn:extension:largeBlob: true, webauthn:extension:minPinLength: true, webauthn:extension:prf: true, webauthn:virtualAuthenticators: true}
Session ID: c5be1c91723adc743ded06e649298e39

25-01-2026T21:53:22 - [TEST_STEP][PASSED] - click(findTestObject("Object Repository/Organization Settings/New Folder/Page_ProHance/a_WORK TIME")): Object: 'Object Repository/Organization Settings/New Folder/Page_ProHance/a_WORK TIME' is clicked on

25-01-2026T21:53:29 - [MESSAGE][PASSED] - Object: 'Object Repository/Organization Settings/New Folder/Page_ProHance/a_WORK TIME' is clicked on

25-01-2026T21:53:29 - [TEST_STEP][PASSED] - waitForElementClickable(findTestObject("Object Repository/Organization Settings/New Folder/Page_ProHance/a_ACTIVITY DASHBOARD"), Delay): Object 'Object Repository/Organization Settings/New Folder/Page_ProHance/a_ACTIVITY DASHBOARD' is clickable

25-01-2026T21:53:30 - [MESSAGE][PASSED] - Object 'Object Repository/Organization Settings/New Folder/Page_ProHance/a_ACTIVITY DASHBOARD' is clickable

25-01-2026T21:53:30 - [TEST_STEP][PASSED] - click(findTestObject("Object Repository/Organization Settings/New Folder/Page_ProHance/a_ACTIVITY DASHBOARD")): Object: 'Object Repository/Organization Settings/New Folder/Page_ProHance/a_ACTIVITY DASHBOARD' is clicked on

25-01-2026T21:53:30 - [MESSAGE][PASSED] - Object: 'Object Repository/Organization Settings/New Folder/Page_ProHance/a_ACTIVITY DASHBOARD' is clicked on

25-01-2026T21:53:30 - [TEST_STEP][PASSED] - waitForElementClickable(findTestObject("Object Repository/Organization Settings/New Folder/Page_ProHance/span_Top Applications For All Groups_drilld_ef368b"), Delay): Object 'Object Repository/Organization Settings/New Folder/Page_ProHance/span_Top Applications For All Groups_drilld_ef368b' is clickable

25-01-2026T21:53:38 - [MESSAGE][PASSED] - Object 'Object Repository/Organization Settings/New Folder/Page_ProHance/span_Top Applications For All Groups_drilld_ef368b' is clickable

25-01-2026T21:53:38 - [TEST_STEP][PASSED] - click(findTestObject("Object Repository/Organization Settings/New Folder/Page_ProHance/span_Top Applications For All Groups_drilld_ef368b")): Object: 'Object Repository/Organization Settings/New Folder/Page_ProHance/span_Top Applications For All Groups_drilld_ef368b' is clicked on

25-01-2026T21:53:39 - [MESSAGE][PASSED] - Object: 'Object Repository/Organization Settings/New Folder/Page_ProHance/span_Top Applications For All Groups_drilld_ef368b' is clicked on

25-01-2026T21:53:39 - [TEST_STEP][PASSED] - switchToWindowIndex(1): Switched to window with index: '1'

25-01-2026T21:53:39 - [MESSAGE][PASSED] - Switched to window with index: '1'

25-01-2026T21:53:39 - [TEST_STEP][PASSED] - waitForPageLoad(Delay, STOP_ON_FAILURE): Wait for page load successfully

25-01-2026T21:53:39 - [MESSAGE][PASSED] - Wait for page load successfully

25-01-2026T21:53:39 - [TEST_STEP][PASSED] - executeJavaScript("window.scrollTo(0, document.body.scrollHeight);", null): Execute JavaScript 'window.scrollTo(0, document.body.scrollHeight);' successfully

25-01-2026T21:53:39 - [MESSAGE][PASSED] - Execute JavaScript 'window.scrollTo(0, document.body.scrollHeight);' successfully

25-01-2026T21:53:39 - [TEST_STEP][PASSED] - explort = ((exportType != null)) ? exportType : false: null

25-01-2026T21:53:39 - [TEST_STEP][PASSED] - out.println(explort): null

25-01-2026T21:53:39 - [TEST_STEP][PASSED] - xPath = com.prohanceebapplication.common.Export.export(explort): com.prohanceebapplication.common.Export.export is PASSED

25-01-2026T21:53:39 - [MESSAGE][PASSED] - com.prohanceebapplication.common.Export.export is PASSED

25-01-2026T21:53:39 - [TEST_STEP][PASSED] - out.println(xPath): null

25-01-2026T21:53:39 - [TEST_STEP][PASSED] - if (xPath != null): Execute JavaScript 'arguments[0].click();' successfully

25-01-2026T21:53:39 - [TEST_STEP][PASSED] - exportSpan = new com.kms.katalon.core.testobject.TestObject(): null

25-01-2026T21:53:39 - [TEST_STEP][PASSED] - exportSpan.addProperty("xpath", EQUALS, xPath): null

25-01-2026T21:53:39 - [TEST_STEP][PASSED] - waitForElementPresent(exportSpan, Delay): Object '' is present

25-01-2026T21:53:44 - [MESSAGE][PASSED] - Object '' is present

25-01-2026T21:53:44 - [TEST_STEP][PASSED] - el = findWebElement(exportSpan, Delay): Found web element by test object 

25-01-2026T21:53:45 - [MESSAGE][PASSED] - Found web element by test object 

25-01-2026T21:53:45 - [TEST_STEP][PASSED] - executeJavaScript("arguments[0].scrollIntoView(true);", Arrays.asList(el)): Execute JavaScript 'arguments[0].scrollIntoView(true);' successfully

25-01-2026T21:53:45 - [MESSAGE][PASSED] - Execute JavaScript 'arguments[0].scrollIntoView(true);' successfully

25-01-2026T21:53:45 - [TEST_STEP][PASSED] - executeJavaScript("arguments[0].click();", Arrays.asList(el)): Execute JavaScript 'arguments[0].click();' successfully

25-01-2026T21:53:48 - [MESSAGE][PASSED] - Execute JavaScript 'arguments[0].click();' successfully

25-01-2026T21:53:48 - [TEST_STEP][PASSED] - com.prohancewebapplication.file.FileSizeFinder.fileSize(): com.prohancewebapplication.file.FileSizeFinder.fileSize is PASSED

25-01-2026T21:53:48 - [MESSAGE][PASSED] - com.prohancewebapplication.file.FileSizeFinder.fileSize is PASSED

25-01-2026T21:53:48 - [TEST_STEP][PASSED] - switchToDefaultContent(): null

25-01-2026T21:53:48 - [TEST_STEP][PASSED] - closeWindowIndex(1): Window with index 1 is closed

25-01-2026T21:53:48 - [MESSAGE][PASSED] - Window with index 1 is closed

25-01-2026T21:53:48 - [TEST_STEP][PASSED] - delay(2): Delayed 2 second(s)

25-01-2026T21:53:50 - [MESSAGE][PASSED] - Delayed 2 second(s)]]></system-out>
         <system-err><![CDATA[]]></system-err>
      </testcase>
      <system-out><![CDATA[25-01-2026T21:52:40 - [TEST_SUITE][PASSED] - Login_Genaral: null]]></system-out>
      <system-err><![CDATA[]]></system-err>
   </testsuite>
</testsuites>
